<?xml version="1.0" encoding="UTF-8"?>
<!-- Generated by org.testng.reporters.JUnitXMLReporter -->
<testsuite ignored="0" hostname="LAPTOP-4328LLVK" failures="0" tests="3" name="Test" time="54.761" errors="0" timestamp="2023-04-03T23:34:29 IST">
  <testcase classname="testPackage.TestUserCreated" name="user1" time="32.369"/>
  <testcase classname="testPackage.TestValidLogin" name="validLogin" time="0.192"/>
  <testcase classname="testPackage.TestInvalidLogin" name="invalidLogin" time="16.457"/>
</testsuite> <!-- Test -->
