<?xml version="1.0" encoding="UTF-8"?>
<testng-results ignored="0" total="3" passed="3" failed="0" skipped="0">
  <reporter-output>
  </reporter-output>
  <suite started-at="2023-04-03T23:33:35 IST" name="Suite" finished-at="2023-04-03T23:34:29 IST" duration-ms="54761">
    <groups>
    </groups>
    <test started-at="2023-04-03T23:33:35 IST" name="Test" finished-at="2023-04-03T23:34:29 IST" duration-ms="54761">
      <class name="testPackage.TestInvalidLogin">
        <test-method is-config="true" signature="setUp()[pri:0, instance:testPackage.TestInvalidLogin@10d307f1]" started-at="2023-04-03T23:34:11 IST" name="setUp" finished-at="2023-04-03T23:34:13 IST" duration-ms="1236" status="PASS">
          <reporter-output>
          </reporter-output>
        </test-method> <!-- setUp -->
        <test-method signature="invalidLogin()[pri:0, instance:testPackage.TestInvalidLogin@10d307f1]" started-at="2023-04-03T23:34:13 IST" name="invalidLogin" finished-at="2023-04-03T23:34:29 IST" duration-ms="16457" status="PASS">
          <reporter-output>
          </reporter-output>
        </test-method> <!-- invalidLogin -->
        <test-method is-config="true" signature="tearDown()[pri:0, instance:testPackage.TestInvalidLogin@10d307f1]" started-at="2023-04-03T23:34:29 IST" name="tearDown" finished-at="2023-04-03T23:34:29 IST" duration-ms="284" status="PASS">
          <reporter-output>
          </reporter-output>
        </test-method> <!-- tearDown -->
      </class> <!-- testPackage.TestInvalidLogin -->
      <class name="testPackage.TestUserCreated">
        <test-method is-config="true" signature="setUp()[pri:0, instance:testPackage.TestUserCreated@a3d8174]" started-at="2023-04-03T23:33:35 IST" name="setUp" finished-at="2023-04-03T23:33:37 IST" duration-ms="2197" status="PASS">
          <reporter-output>
          </reporter-output>
        </test-method> <!-- setUp -->
        <test-method signature="user1()[pri:0, instance:testPackage.TestUserCreated@a3d8174]" started-at="2023-04-03T23:33:37 IST" name="user1" finished-at="2023-04-03T23:34:09 IST" duration-ms="32369" status="PASS">
          <reporter-output>
          </reporter-output>
        </test-method> <!-- user1 -->
        <test-method is-config="true" signature="tearDown()[pri:0, instance:testPackage.TestUserCreated@a3d8174]" started-at="2023-04-03T23:34:09 IST" name="tearDown" finished-at="2023-04-03T23:34:10 IST" duration-ms="407" status="PASS">
          <reporter-output>
          </reporter-output>
        </test-method> <!-- tearDown -->
      </class> <!-- testPackage.TestUserCreated -->
      <class name="testPackage.TestValidLogin">
        <test-method is-config="true" signature="setUp()[pri:0, instance:testPackage.TestValidLogin@49c7b90e]" started-at="2023-04-03T23:34:10 IST" name="setUp" finished-at="2023-04-03T23:34:11 IST" duration-ms="1327" status="PASS">
          <reporter-output>
          </reporter-output>
        </test-method> <!-- setUp -->
        <test-method signature="validLogin()[pri:0, instance:testPackage.TestValidLogin@49c7b90e]" started-at="2023-04-03T23:34:11 IST" name="validLogin" finished-at="2023-04-03T23:34:11 IST" duration-ms="192" status="PASS">
          <reporter-output>
          </reporter-output>
        </test-method> <!-- validLogin -->
        <test-method is-config="true" signature="tearDown()[pri:0, instance:testPackage.TestValidLogin@49c7b90e]" started-at="2023-04-03T23:34:11 IST" name="tearDown" finished-at="2023-04-03T23:34:11 IST" duration-ms="246" status="PASS">
          <reporter-output>
          </reporter-output>
        </test-method> <!-- tearDown -->
      </class> <!-- testPackage.TestValidLogin -->
    </test> <!-- Test -->
  </suite> <!-- Suite -->
</testng-results>
